c:\users\papip\onedrive\desktop\pf project\sentimetrixform\sentimetrixform\debug\vc143.pdb
c:\users\papip\onedrive\desktop\pf project\sentimetrixform\sentimetrixform\debug\.netframework,version=v4.7.2.assemblyattributes.obj
c:\users\papip\onedrive\desktop\pf project\sentimetrixform\sentimetrixform\debug\homepage.obj
c:\users\papip\onedrive\desktop\pf project\sentimetrixform\sentimetrixform\debug\dictionary.obj
c:\users\papip\onedrive\desktop\pf project\sentimetrixform\sentimetrixform\debug\analyzing.obj
c:\users\papip\onedrive\desktop\pf project\sentimetrixform\sentimetrixform\debug\about1.obj
c:\users\papip\onedrive\desktop\pf project\sentimetrixform\sentimetrix\debug\sentimetrixform.exe
c:\users\papip\onedrive\desktop\pf project\sentimetrixform\sentimetrix\debug\sentimetrixform.pdb
c:\users\papip\onedrive\desktop\pf project\sentimetrixform\sentimetrixform\debug\sentimetrixform.tlog\metagen.write.1.tlog
c:\users\papip\onedrive\desktop\pf project\sentimetrixform\sentimetrixform\debug\sentimetrixform.tlog\cl.command.1.tlog
c:\users\papip\onedrive\desktop\pf project\sentimetrixform\sentimetrixform\debug\sentimetrixform.tlog\cl.items.tlog
c:\users\papip\onedrive\desktop\pf project\sentimetrixform\sentimetrixform\debug\sentimetrixform.tlog\cl.read.1.tlog
c:\users\papip\onedrive\desktop\pf project\sentimetrixform\sentimetrixform\debug\sentimetrixform.tlog\cl.write.1.tlog
c:\users\papip\onedrive\desktop\pf project\sentimetrixform\sentimetrixform\debug\sentimetrixform.tlog\link.command.1.tlog
c:\users\papip\onedrive\desktop\pf project\sentimetrixform\sentimetrixform\debug\sentimetrixform.tlog\link.read.1.tlog
c:\users\papip\onedrive\desktop\pf project\sentimetrixform\sentimetrixform\debug\sentimetrixform.tlog\link.write.1.tlog
c:\users\papip\onedrive\desktop\pf project\sentimetrixform\sentimetrixform\debug\sentimetrixform.tlog\metagen.read.1.tlog
c:\users\papip\onedrive\desktop\pf project\sentimetrixform\sentimetrixform\debug\sentimetrixform.tlog\resgen.command.1.tlog
c:\users\papip\onedrive\desktop\pf project\sentimetrixform\sentimetrixform\debug\sentimetrixform.tlog\resgen.read.1.tlog
c:\users\papip\onedrive\desktop\pf project\sentimetrixform\sentimetrixform\debug\sentimetrixform.tlog\resgen.write.1.tlog
c:\users\papip\onedrive\desktop\pf project\sentimetrixform\sentimetrixform\debug\sentimetrixform.tlog\axinterop.wmplib.1.0.dll.metagen
c:\users\papip\onedrive\desktop\pf project\sentimetrixform\sentimetrixform\debug\sentimetrixform.tlog\interop.wmplib.1.0.dll.metagen
